This file contains any messages produced by compilers while
running configure, to aid debugging if configure makes a mistake.

It was created by configure, which was
generated by GNU Autoconf 2.63.  Invocation command line was

  $ /home/qmwx/project/prophet_vmips_final_keyming_131130/configure 

## --------- ##
## Platform. ##
## --------- ##

hostname = qmwx-desktop
uname -m = i686
uname -r = 2.6.32-21-generic
uname -s = Linux
uname -v = #32-Ubuntu SMP Fri Apr 16 08:10:02 UTC 2010

/usr/bin/uname -p = unknown
/bin/uname -X     = unknown

/bin/arch              = unknown
/usr/bin/arch -k       = unknown
/usr/convex/getsysinfo = unknown
/usr/bin/hostinfo      = unknown
/bin/machine           = unknown
/usr/bin/oslevel       = unknown
/bin/universe          = unknown

PATH: /usr/local/sbin
PATH: /usr/local/bin
PATH: /usr/sbin
PATH: /usr/bin
PATH: /sbin
PATH: /bin
PATH: /usr/games
PATH: /opt/jdk1.6.0_23/bin
PATH: /usr/gcc42/bin


## ----------- ##
## Core tests. ##
## ----------- ##

configure:1913: checking build system type
configure:1931: result: i686-pc-linux-gnu
configure:1953: checking host system type
configure:1968: result: i686-pc-linux-gnu
configure:1990: checking target system type
configure:2005: result: i686-pc-linux-gnu
configure:2050: checking for a BSD-compatible install
configure:2118: result: /usr/bin/install -c
configure:2129: checking whether build environment is sane
configure:2172: result: yes
configure:2197: checking for a thread-safe mkdir -p
configure:2236: result: /bin/mkdir -p
configure:2249: checking for gawk
configure:2265: found /usr/bin/gawk
configure:2276: result: gawk
configure:2287: checking whether make sets $(MAKE)
configure:2309: result: yes
configure:2513: WARNING: --with-mips directory "/opt/mips" does not exist
configure:2516: WARNING: --with-mips-bin directory "/opt/mips/bin" does not exist
configure:2567: checking for gcc
configure:2583: found /usr/bin/gcc
configure:2594: result: gcc
configure:2826: checking for C compiler version
configure:2834: gcc --version >&5
gcc (GCC) 4.2.4
Copyright (C) 2007 Free Software Foundation, Inc.
This is free software; see the source for copying conditions.  There is NO
warranty; not even for MERCHANTABILITY or FITNESS FOR A PARTICULAR PURPOSE.

configure:2838: $? = 0
configure:2845: gcc -v >&5
Using built-in specs.
Target: i486-linux-gnu
Configured with: ../gcc-4.2.4/configure --prefix=/usr/gcc42 --program-suffix=42 --enable-languages=c,c++ --enable-shared --enable-threads=posix --enable-__cxa_atexit --disable-checking --with-gnu-ld --verbose --target=i486-linux-gnu --host=i486-linux-gnu
Thread model: posix
gcc version 4.2.4
configure:2849: $? = 0
configure:2856: gcc -V >&5
gcc: '-V' option must have argument
configure:2860: $? = 1
configure:2883: checking for C compiler default output file name
configure:2905: gcc    conftest.c  >&5
configure:2909: $? = 0
configure:2947: result: a.out
configure:2966: checking whether the C compiler works
configure:2976: ./a.out
configure:2980: $? = 0
configure:2999: result: yes
configure:3006: checking whether we are cross compiling
configure:3008: result: no
configure:3011: checking for suffix of executables
configure:3018: gcc -o conftest    conftest.c  >&5
configure:3022: $? = 0
configure:3048: result: 
configure:3054: checking for suffix of object files
configure:3080: gcc -c   conftest.c >&5
configure:3084: $? = 0
configure:3109: result: o
configure:3113: checking whether we are using the GNU C compiler
configure:3142: gcc -c   conftest.c >&5
configure:3149: $? = 0
configure:3166: result: yes
configure:3175: checking whether gcc accepts -g
configure:3205: gcc -c -g  conftest.c >&5
configure:3212: $? = 0
configure:3313: result: yes
configure:3330: checking for gcc option to accept ISO C89
configure:3404: gcc  -c -g -O2  conftest.c >&5
configure:3411: $? = 0
configure:3434: result: none needed
configure:3463: checking for style of include used by make
configure:3491: result: GNU
configure:3516: checking dependency style of gcc
configure:3607: result: gcc3
configure:3629: checking how to run the C preprocessor
configure:3669: gcc -E  conftest.c
configure:3676: $? = 0
configure:3707: gcc -E  conftest.c
conftest.c:10:28: error: ac_nonexistent.h: No such file or directory
configure:3714: $? = 1
configure: failed program was:
| /* confdefs.h.  */
| #define PACKAGE_NAME ""
| #define PACKAGE_TARNAME ""
| #define PACKAGE_VERSION ""
| #define PACKAGE_STRING ""
| #define PACKAGE_BUGREPORT ""
| #define PACKAGE "prophet_vmips"
| #define VERSION "1.3.2"
| /* end confdefs.h.  */
| #include <ac_nonexistent.h>
configure:3747: result: gcc -E
configure:3776: gcc -E  conftest.c
configure:3783: $? = 0
configure:3814: gcc -E  conftest.c
conftest.c:10:28: error: ac_nonexistent.h: No such file or directory
configure:3821: $? = 1
configure: failed program was:
| /* confdefs.h.  */
| #define PACKAGE_NAME ""
| #define PACKAGE_TARNAME ""
| #define PACKAGE_VERSION ""
| #define PACKAGE_STRING ""
| #define PACKAGE_BUGREPORT ""
| #define PACKAGE "prophet_vmips"
| #define VERSION "1.3.2"
| /* end confdefs.h.  */
| #include <ac_nonexistent.h>
configure:3861: checking for grep that handles long lines and -e
configure:3921: result: /bin/grep
configure:3926: checking for egrep
configure:3990: result: /bin/grep -E
configure:3995: checking for ANSI C header files
configure:4025: gcc -c -g -O2  conftest.c >&5
configure:4032: $? = 0
configure:4131: gcc -o conftest -g -O2   conftest.c  >&5
configure:4135: $? = 0
configure:4141: ./conftest
configure:4145: $? = 0
configure:4163: result: yes
configure:4187: checking for sys/types.h
configure:4208: gcc -c -g -O2  conftest.c >&5
configure:4215: $? = 0
configure:4232: result: yes
configure:4187: checking for sys/stat.h
configure:4208: gcc -c -g -O2  conftest.c >&5
configure:4215: $? = 0
configure:4232: result: yes
configure:4187: checking for stdlib.h
configure:4208: gcc -c -g -O2  conftest.c >&5
configure:4215: $? = 0
configure:4232: result: yes
configure:4187: checking for string.h
configure:4208: gcc -c -g -O2  conftest.c >&5
configure:4215: $? = 0
configure:4232: result: yes
configure:4187: checking for memory.h
configure:4208: gcc -c -g -O2  conftest.c >&5
configure:4215: $? = 0
configure:4232: result: yes
configure:4187: checking for strings.h
configure:4208: gcc -c -g -O2  conftest.c >&5
configure:4215: $? = 0
configure:4232: result: yes
configure:4187: checking for inttypes.h
configure:4208: gcc -c -g -O2  conftest.c >&5
configure:4215: $? = 0
configure:4232: result: yes
configure:4187: checking for stdint.h
configure:4208: gcc -c -g -O2  conftest.c >&5
configure:4215: $? = 0
configure:4232: result: yes
configure:4187: checking for unistd.h
configure:4208: gcc -c -g -O2  conftest.c >&5
configure:4215: $? = 0
configure:4232: result: yes
configure:4257: checking minix/config.h usability
configure:4274: gcc -c -g -O2  conftest.c >&5
conftest.c:53:26: error: minix/config.h: No such file or directory
configure:4281: $? = 1
configure: failed program was:
| /* confdefs.h.  */
| #define PACKAGE_NAME ""
| #define PACKAGE_TARNAME ""
| #define PACKAGE_VERSION ""
| #define PACKAGE_STRING ""
| #define PACKAGE_BUGREPORT ""
| #define PACKAGE "prophet_vmips"
| #define VERSION "1.3.2"
| #define STDC_HEADERS 1
| #define HAVE_SYS_TYPES_H 1
| #define HAVE_SYS_STAT_H 1
| #define HAVE_STDLIB_H 1
| #define HAVE_STRING_H 1
| #define HAVE_MEMORY_H 1
| #define HAVE_STRINGS_H 1
| #define HAVE_INTTYPES_H 1
| #define HAVE_STDINT_H 1
| #define HAVE_UNISTD_H 1
| /* end confdefs.h.  */
| #include <stdio.h>
| #ifdef HAVE_SYS_TYPES_H
| # include <sys/types.h>
| #endif
| #ifdef HAVE_SYS_STAT_H
| # include <sys/stat.h>
| #endif
| #ifdef STDC_HEADERS
| # include <stdlib.h>
| # include <stddef.h>
| #else
| # ifdef HAVE_STDLIB_H
| #  include <stdlib.h>
| # endif
| #endif
| #ifdef HAVE_STRING_H
| # if !defined STDC_HEADERS && defined HAVE_MEMORY_H
| #  include <memory.h>
| # endif
| # include <string.h>
| #endif
| #ifdef HAVE_STRINGS_H
| # include <strings.h>
| #endif
| #ifdef HAVE_INTTYPES_H
| # include <inttypes.h>
| #endif
| #ifdef HAVE_STDINT_H
| # include <stdint.h>
| #endif
| #ifdef HAVE_UNISTD_H
| # include <unistd.h>
| #endif
| #include <minix/config.h>
configure:4295: result: no
configure:4299: checking minix/config.h presence
configure:4314: gcc -E  conftest.c
conftest.c:20:26: error: minix/config.h: No such file or directory
configure:4321: $? = 1
configure: failed program was:
| /* confdefs.h.  */
| #define PACKAGE_NAME ""
| #define PACKAGE_TARNAME ""
| #define PACKAGE_VERSION ""
| #define PACKAGE_STRING ""
| #define PACKAGE_BUGREPORT ""
| #define PACKAGE "prophet_vmips"
| #define VERSION "1.3.2"
| #define STDC_HEADERS 1
| #define HAVE_SYS_TYPES_H 1
| #define HAVE_SYS_STAT_H 1
| #define HAVE_STDLIB_H 1
| #define HAVE_STRING_H 1
| #define HAVE_MEMORY_H 1
| #define HAVE_STRINGS_H 1
| #define HAVE_INTTYPES_H 1
| #define HAVE_STDINT_H 1
| #define HAVE_UNISTD_H 1
| /* end confdefs.h.  */
| #include <minix/config.h>
configure:4335: result: no
configure:4363: checking for minix/config.h
configure:4370: result: no
configure:4401: checking whether it is safe to define __EXTENSIONS__
configure:4429: gcc -c -g -O2  conftest.c >&5
configure:4436: $? = 0
configure:4451: result: yes
configure:4475: checking for library containing strerror
configure:4516: gcc -o conftest -g -O2   conftest.c  >&5
configure:4523: $? = 0
configure:4554: result: none required
configure:4564: checking for minix/config.h
configure:4569: result: no
configure:4717: checking whether it is safe to define __EXTENSIONS__
configure:4767: result: yes
configure:4794: checking for mips tool prefix
configure:4805: result: 
configure:4812: WARNING: cannot seem to find any mips tools under /opt/mips/bin
configure:4814: WARNING: xmboot and test_code will not be built
configure:4829: checking for cross tools target endianness
configure:4852: WARNING: defaulting to little-endian VMIPS
configure:4858: result: no
configure:4869: checking whether to build an optimized or a debugging version
configure:4905: result: debugging
configure:4913: checking whether to build a profiled version
configure:4926: result: no
configure:4943: checking for gawk
configure:4970: result: gawk
configure:5039: checking for g++
configure:5055: found /usr/bin/g++
configure:5066: result: g++
configure:5093: checking for C++ compiler version
configure:5101: g++ --version >&5
g++ (GCC) 4.2.4
Copyright (C) 2007 Free Software Foundation, Inc.
This is free software; see the source for copying conditions.  There is NO
warranty; not even for MERCHANTABILITY or FITNESS FOR A PARTICULAR PURPOSE.

configure:5105: $? = 0
configure:5112: g++ -v >&5
Using built-in specs.
Target: i486-linux-gnu
Configured with: ../gcc-4.2.4/configure --prefix=/usr/gcc42 --program-suffix=42 --enable-languages=c,c++ --enable-shared --enable-threads=posix --enable-__cxa_atexit --disable-checking --with-gnu-ld --verbose --target=i486-linux-gnu --host=i486-linux-gnu
Thread model: posix
gcc version 4.2.4
configure:5116: $? = 0
configure:5123: g++ -V >&5
g++: '-V' option must have argument
configure:5127: $? = 1
configure:5130: checking whether we are using the GNU C++ compiler
configure:5159: g++ -c -g  conftest.cpp >&5
configure:5166: $? = 0
configure:5183: result: yes
configure:5192: checking whether g++ accepts -g
configure:5222: g++ -c -g  conftest.cpp >&5
configure:5229: $? = 0
configure:5330: result: yes
configure:5355: checking dependency style of g++
configure:5446: result: gcc3
configure:5467: checking whether you can pass a template function to a function whose return type is the same as the type of its parameter
configure:5503: g++ -c -g -Wall -fno-strict-aliasing  conftest.cpp >&5
conftest.cpp: In function 'F x(F) [with F = void (*)(int)]':
conftest.cpp:32: warning: control reaches end of non-void function
configure:5510: $? = 0
configure:5531: result: yes
configure:5544: checking how to run the C preprocessor
configure:5662: result: gcc -E
configure:5691: gcc -E  conftest.c
configure:5698: $? = 0
configure:5729: gcc -E  conftest.c
conftest.c:31:28: error: ac_nonexistent.h: No such file or directory
configure:5736: $? = 1
configure: failed program was:
| /* confdefs.h.  */
| #define PACKAGE_NAME ""
| #define PACKAGE_TARNAME ""
| #define PACKAGE_VERSION ""
| #define PACKAGE_STRING ""
| #define PACKAGE_BUGREPORT ""
| #define PACKAGE "prophet_vmips"
| #define VERSION "1.3.2"
| #define STDC_HEADERS 1
| #define HAVE_SYS_TYPES_H 1
| #define HAVE_SYS_STAT_H 1
| #define HAVE_STDLIB_H 1
| #define HAVE_STRING_H 1
| #define HAVE_MEMORY_H 1
| #define HAVE_STRINGS_H 1
| #define HAVE_INTTYPES_H 1
| #define HAVE_STDINT_H 1
| #define HAVE_UNISTD_H 1
| #define __EXTENSIONS__ 1
| #define _ALL_SOURCE 1
| #define _GNU_SOURCE 1
| #define _POSIX_PTHREAD_SEMANTICS 1
| #define _TANDEM_SOURCE 1
| #define __EXTENSIONS__ 1
| #define _ALL_SOURCE 1
| #define _GNU_SOURCE 1
| #define _POSIX_PTHREAD_SEMANTICS 1
| #define _TANDEM_SOURCE 1
| #define INTENTIONAL_CONFUSION 1
| /* end confdefs.h.  */
| #include <ac_nonexistent.h>
configure:5818: checking for ranlib
configure:5834: found /usr/bin/ranlib
configure:5845: result: ranlib
configure:5881: checking for a BSD-compatible install
configure:5949: result: /usr/bin/install -c
configure:5960: checking whether ln -s works
configure:5964: result: yes
configure:5971: checking whether make sets $(MAKE)
configure:5993: result: yes
configure:6007: checking how to run the C++ preprocessor
configure:6043: g++ -E  conftest.cpp
configure:6050: $? = 0
configure:6081: g++ -E  conftest.cpp
conftest.cpp:31:28: error: ac_nonexistent.h: No such file or directory
configure:6088: $? = 1
configure: failed program was:
| /* confdefs.h.  */
| #define PACKAGE_NAME ""
| #define PACKAGE_TARNAME ""
| #define PACKAGE_VERSION ""
| #define PACKAGE_STRING ""
| #define PACKAGE_BUGREPORT ""
| #define PACKAGE "prophet_vmips"
| #define VERSION "1.3.2"
| #define STDC_HEADERS 1
| #define HAVE_SYS_TYPES_H 1
| #define HAVE_SYS_STAT_H 1
| #define HAVE_STDLIB_H 1
| #define HAVE_STRING_H 1
| #define HAVE_MEMORY_H 1
| #define HAVE_STRINGS_H 1
| #define HAVE_INTTYPES_H 1
| #define HAVE_STDINT_H 1
| #define HAVE_UNISTD_H 1
| #define __EXTENSIONS__ 1
| #define _ALL_SOURCE 1
| #define _GNU_SOURCE 1
| #define _POSIX_PTHREAD_SEMANTICS 1
| #define _TANDEM_SOURCE 1
| #define __EXTENSIONS__ 1
| #define _ALL_SOURCE 1
| #define _GNU_SOURCE 1
| #define _POSIX_PTHREAD_SEMANTICS 1
| #define _TANDEM_SOURCE 1
| #define INTENTIONAL_CONFUSION 1
| /* end confdefs.h.  */
| #include <ac_nonexistent.h>
configure:6121: result: g++ -E
configure:6150: g++ -E  conftest.cpp
configure:6157: $? = 0
configure:6188: g++ -E  conftest.cpp
conftest.cpp:31:28: error: ac_nonexistent.h: No such file or directory
configure:6195: $? = 1
configure: failed program was:
| /* confdefs.h.  */
| #define PACKAGE_NAME ""
| #define PACKAGE_TARNAME ""
| #define PACKAGE_VERSION ""
| #define PACKAGE_STRING ""
| #define PACKAGE_BUGREPORT ""
| #define PACKAGE "prophet_vmips"
| #define VERSION "1.3.2"
| #define STDC_HEADERS 1
| #define HAVE_SYS_TYPES_H 1
| #define HAVE_SYS_STAT_H 1
| #define HAVE_STDLIB_H 1
| #define HAVE_STRING_H 1
| #define HAVE_MEMORY_H 1
| #define HAVE_STRINGS_H 1
| #define HAVE_INTTYPES_H 1
| #define HAVE_STDINT_H 1
| #define HAVE_UNISTD_H 1
| #define __EXTENSIONS__ 1
| #define _ALL_SOURCE 1
| #define _GNU_SOURCE 1
| #define _POSIX_PTHREAD_SEMANTICS 1
| #define _TANDEM_SOURCE 1
| #define __EXTENSIONS__ 1
| #define _ALL_SOURCE 1
| #define _GNU_SOURCE 1
| #define _POSIX_PTHREAD_SEMANTICS 1
| #define _TANDEM_SOURCE 1
| #define INTENTIONAL_CONFUSION 1
| /* end confdefs.h.  */
| #include <ac_nonexistent.h>
configure:6236: checking whether gcc needs -traditional
configure:6278: result: no
configure:6294: checking dependency style of gcc
configure:6385: result: gcc3
configure:6402: checking for ANSI C header files
configure:6570: result: yes
configure:6600: checking fcntl.h usability
configure:6617: g++ -c -g -Wall -fno-strict-aliasing  conftest.cpp >&5
configure:6624: $? = 0
configure:6638: result: yes
configure:6642: checking fcntl.h presence
configure:6657: g++ -E  conftest.cpp
configure:6664: $? = 0
configure:6678: result: yes
configure:6706: checking for fcntl.h
configure:6715: result: yes
configure:6600: checking limits.h usability
configure:6617: g++ -c -g -Wall -fno-strict-aliasing  conftest.cpp >&5
configure:6624: $? = 0
configure:6638: result: yes
configure:6642: checking limits.h presence
configure:6657: g++ -E  conftest.cpp
configure:6664: $? = 0
configure:6678: result: yes
configure:6706: checking for limits.h
configure:6715: result: yes
configure:6600: checking sys/ioctl.h usability
configure:6617: g++ -c -g -Wall -fno-strict-aliasing  conftest.cpp >&5
configure:6624: $? = 0
configure:6638: result: yes
configure:6642: checking sys/ioctl.h presence
configure:6657: g++ -E  conftest.cpp
configure:6664: $? = 0
configure:6678: result: yes
configure:6706: checking for sys/ioctl.h
configure:6715: result: yes
configure:6600: checking sys/time.h usability
configure:6617: g++ -c -g -Wall -fno-strict-aliasing  conftest.cpp >&5
configure:6624: $? = 0
configure:6638: result: yes
configure:6642: checking sys/time.h presence
configure:6657: g++ -E  conftest.cpp
configure:6664: $? = 0
configure:6678: result: yes
configure:6706: checking for sys/time.h
configure:6715: result: yes
configure:6589: checking for unistd.h
configure:6596: result: yes
configure:6731: checking for an ANSI C-conforming const
configure:6806: g++ -c -g -Wall -fno-strict-aliasing  conftest.cpp >&5
configure:6813: $? = 0
configure:6828: result: yes
configure:6838: checking for inline
configure:6864: g++ -c -g -Wall -fno-strict-aliasing  conftest.cpp >&5
configure:6871: $? = 0
configure:6889: result: inline
configure:6908: checking for off_t
configure:6936: g++ -c -g -Wall -fno-strict-aliasing  conftest.cpp >&5
configure:6943: $? = 0
configure:6970: g++ -c -g -Wall -fno-strict-aliasing  conftest.cpp >&5
conftest.cpp: In function 'int main()':
conftest.cpp:73: error: expected primary-expression before ')' token
configure:6977: $? = 1
configure: failed program was:
| /* confdefs.h.  */
| #define PACKAGE_NAME ""
| #define PACKAGE_TARNAME ""
| #define PACKAGE_VERSION ""
| #define PACKAGE_STRING ""
| #define PACKAGE_BUGREPORT ""
| #define PACKAGE "prophet_vmips"
| #define VERSION "1.3.2"
| #define STDC_HEADERS 1
| #define HAVE_SYS_TYPES_H 1
| #define HAVE_SYS_STAT_H 1
| #define HAVE_STDLIB_H 1
| #define HAVE_STRING_H 1
| #define HAVE_MEMORY_H 1
| #define HAVE_STRINGS_H 1
| #define HAVE_INTTYPES_H 1
| #define HAVE_STDINT_H 1
| #define HAVE_UNISTD_H 1
| #define __EXTENSIONS__ 1
| #define _ALL_SOURCE 1
| #define _GNU_SOURCE 1
| #define _POSIX_PTHREAD_SEMANTICS 1
| #define _TANDEM_SOURCE 1
| #define __EXTENSIONS__ 1
| #define _ALL_SOURCE 1
| #define _GNU_SOURCE 1
| #define _POSIX_PTHREAD_SEMANTICS 1
| #define _TANDEM_SOURCE 1
| #define INTENTIONAL_CONFUSION 1
| #define STDC_HEADERS 1
| #define HAVE_FCNTL_H 1
| #define HAVE_LIMITS_H 1
| #define HAVE_SYS_IOCTL_H 1
| #define HAVE_SYS_TIME_H 1
| #define HAVE_UNISTD_H 1
| /* end confdefs.h.  */
| #include <stdio.h>
| #ifdef HAVE_SYS_TYPES_H
| # include <sys/types.h>
| #endif
| #ifdef HAVE_SYS_STAT_H
| # include <sys/stat.h>
| #endif
| #ifdef STDC_HEADERS
| # include <stdlib.h>
| # include <stddef.h>
| #else
| # ifdef HAVE_STDLIB_H
| #  include <stdlib.h>
| # endif
| #endif
| #ifdef HAVE_STRING_H
| # if !defined STDC_HEADERS && defined HAVE_MEMORY_H
| #  include <memory.h>
| # endif
| # include <string.h>
| #endif
| #ifdef HAVE_STRINGS_H
| # include <strings.h>
| #endif
| #ifdef HAVE_INTTYPES_H
| # include <inttypes.h>
| #endif
| #ifdef HAVE_STDINT_H
| # include <stdint.h>
| #endif
| #ifdef HAVE_UNISTD_H
| # include <unistd.h>
| #endif
| int
| main ()
| {
| if (sizeof ((off_t)))
| 	  return 0;
|   ;
|   return 0;
| }
configure:7000: result: yes
configure:7012: checking for pid_t
configure:7040: g++ -c -g -Wall -fno-strict-aliasing  conftest.cpp >&5
configure:7047: $? = 0
configure:7074: g++ -c -g -Wall -fno-strict-aliasing  conftest.cpp >&5
conftest.cpp: In function 'int main()':
conftest.cpp:73: error: expected primary-expression before ')' token
configure:7081: $? = 1
configure: failed program was:
| /* confdefs.h.  */
| #define PACKAGE_NAME ""
| #define PACKAGE_TARNAME ""
| #define PACKAGE_VERSION ""
| #define PACKAGE_STRING ""
| #define PACKAGE_BUGREPORT ""
| #define PACKAGE "prophet_vmips"
| #define VERSION "1.3.2"
| #define STDC_HEADERS 1
| #define HAVE_SYS_TYPES_H 1
| #define HAVE_SYS_STAT_H 1
| #define HAVE_STDLIB_H 1
| #define HAVE_STRING_H 1
| #define HAVE_MEMORY_H 1
| #define HAVE_STRINGS_H 1
| #define HAVE_INTTYPES_H 1
| #define HAVE_STDINT_H 1
| #define HAVE_UNISTD_H 1
| #define __EXTENSIONS__ 1
| #define _ALL_SOURCE 1
| #define _GNU_SOURCE 1
| #define _POSIX_PTHREAD_SEMANTICS 1
| #define _TANDEM_SOURCE 1
| #define __EXTENSIONS__ 1
| #define _ALL_SOURCE 1
| #define _GNU_SOURCE 1
| #define _POSIX_PTHREAD_SEMANTICS 1
| #define _TANDEM_SOURCE 1
| #define INTENTIONAL_CONFUSION 1
| #define STDC_HEADERS 1
| #define HAVE_FCNTL_H 1
| #define HAVE_LIMITS_H 1
| #define HAVE_SYS_IOCTL_H 1
| #define HAVE_SYS_TIME_H 1
| #define HAVE_UNISTD_H 1
| /* end confdefs.h.  */
| #include <stdio.h>
| #ifdef HAVE_SYS_TYPES_H
| # include <sys/types.h>
| #endif
| #ifdef HAVE_SYS_STAT_H
| # include <sys/stat.h>
| #endif
| #ifdef STDC_HEADERS
| # include <stdlib.h>
| # include <stddef.h>
| #else
| # ifdef HAVE_STDLIB_H
| #  include <stdlib.h>
| # endif
| #endif
| #ifdef HAVE_STRING_H
| # if !defined STDC_HEADERS && defined HAVE_MEMORY_H
| #  include <memory.h>
| # endif
| # include <string.h>
| #endif
| #ifdef HAVE_STRINGS_H
| # include <strings.h>
| #endif
| #ifdef HAVE_INTTYPES_H
| # include <inttypes.h>
| #endif
| #ifdef HAVE_STDINT_H
| # include <stdint.h>
| #endif
| #ifdef HAVE_UNISTD_H
| # include <unistd.h>
| #endif
| int
| main ()
| {
| if (sizeof ((pid_t)))
| 	  return 0;
|   ;
|   return 0;
| }
configure:7104: result: yes
configure:7116: checking for size_t
configure:7144: g++ -c -g -Wall -fno-strict-aliasing  conftest.cpp >&5
configure:7151: $? = 0
configure:7178: g++ -c -g -Wall -fno-strict-aliasing  conftest.cpp >&5
conftest.cpp: In function 'int main()':
conftest.cpp:73: error: expected primary-expression before ')' token
configure:7185: $? = 1
configure: failed program was:
| /* confdefs.h.  */
| #define PACKAGE_NAME ""
| #define PACKAGE_TARNAME ""
| #define PACKAGE_VERSION ""
| #define PACKAGE_STRING ""
| #define PACKAGE_BUGREPORT ""
| #define PACKAGE "prophet_vmips"
| #define VERSION "1.3.2"
| #define STDC_HEADERS 1
| #define HAVE_SYS_TYPES_H 1
| #define HAVE_SYS_STAT_H 1
| #define HAVE_STDLIB_H 1
| #define HAVE_STRING_H 1
| #define HAVE_MEMORY_H 1
| #define HAVE_STRINGS_H 1
| #define HAVE_INTTYPES_H 1
| #define HAVE_STDINT_H 1
| #define HAVE_UNISTD_H 1
| #define __EXTENSIONS__ 1
| #define _ALL_SOURCE 1
| #define _GNU_SOURCE 1
| #define _POSIX_PTHREAD_SEMANTICS 1
| #define _TANDEM_SOURCE 1
| #define __EXTENSIONS__ 1
| #define _ALL_SOURCE 1
| #define _GNU_SOURCE 1
| #define _POSIX_PTHREAD_SEMANTICS 1
| #define _TANDEM_SOURCE 1
| #define INTENTIONAL_CONFUSION 1
| #define STDC_HEADERS 1
| #define HAVE_FCNTL_H 1
| #define HAVE_LIMITS_H 1
| #define HAVE_SYS_IOCTL_H 1
| #define HAVE_SYS_TIME_H 1
| #define HAVE_UNISTD_H 1
| /* end confdefs.h.  */
| #include <stdio.h>
| #ifdef HAVE_SYS_TYPES_H
| # include <sys/types.h>
| #endif
| #ifdef HAVE_SYS_STAT_H
| # include <sys/stat.h>
| #endif
| #ifdef STDC_HEADERS
| # include <stdlib.h>
| # include <stddef.h>
| #else
| # ifdef HAVE_STDLIB_H
| #  include <stdlib.h>
| # endif
| #endif
| #ifdef HAVE_STRING_H
| # if !defined STDC_HEADERS && defined HAVE_MEMORY_H
| #  include <memory.h>
| # endif
| # include <string.h>
| #endif
| #ifdef HAVE_STRINGS_H
| # include <strings.h>
| #endif
| #ifdef HAVE_INTTYPES_H
| # include <inttypes.h>
| #endif
| #ifdef HAVE_STDINT_H
| # include <stdint.h>
| #endif
| #ifdef HAVE_UNISTD_H
| # include <unistd.h>
| #endif
| int
| main ()
| {
| if (sizeof ((size_t)))
| 	  return 0;
|   ;
|   return 0;
| }
configure:7208: result: yes
configure:7220: checking whether time.h and sys/time.h may both be included
configure:7250: g++ -c -g -Wall -fno-strict-aliasing  conftest.cpp >&5
configure:7257: $? = 0
configure:7272: result: yes
configure:7282: checking for socklen_t
configure:7310: g++ -c -g -Wall -fno-strict-aliasing  conftest.cpp >&5
configure:7317: $? = 0
configure:7332: result: yes
configure:7342: checking whether specifying that a function will never return works
configure:7378: g++ -c -Werror -g -Wall -fno-strict-aliasing  conftest.cpp >&5
configure:7385: $? = 0
configure:7409: result: yes
configure:7419: checking whether specifying that a function takes printf-style arguments works
configure:7456: g++ -c -Werror -g -Wall -fno-strict-aliasing  conftest.cpp >&5
configure:7463: $? = 0
configure:7487: result: yes
configure:7502: checking size of long long
configure:7807: g++ -o conftest -g -Wall -fno-strict-aliasing   conftest.cpp  >&5
configure:7811: $? = 0
configure:7817: ./conftest
configure:7821: $? = 0
configure:7847: result: 8
configure:7861: checking size of long
configure:8166: g++ -o conftest -g -Wall -fno-strict-aliasing   conftest.cpp  >&5
configure:8170: $? = 0
configure:8176: ./conftest
configure:8180: $? = 0
configure:8206: result: 4
configure:8220: checking size of int
configure:8525: g++ -o conftest -g -Wall -fno-strict-aliasing   conftest.cpp  >&5
configure:8529: $? = 0
configure:8535: ./conftest
configure:8539: $? = 0
configure:8565: result: 4
configure:8579: checking size of short
configure:8884: g++ -o conftest -g -Wall -fno-strict-aliasing   conftest.cpp  >&5
configure:8888: $? = 0
configure:8894: ./conftest
configure:8898: $? = 0
configure:8924: result: 2
configure:8938: checking size of char
configure:9243: g++ -o conftest -g -Wall -fno-strict-aliasing   conftest.cpp  >&5
configure:9247: $? = 0
configure:9253: ./conftest
configure:9257: $? = 0
configure:9283: result: 1
configure:9300: checking for stdlib.h
configure:9307: result: yes
configure:9300: checking for unistd.h
configure:9307: result: yes
configure:9445: checking for getpagesize
configure:9501: g++ -o conftest -g -Wall -fno-strict-aliasing   conftest.cpp  >&5
configure:9508: $? = 0
configure:9530: result: yes
configure:9542: checking for working mmap
configure:9689: g++ -o conftest -g -Wall -fno-strict-aliasing   conftest.cpp  >&5
configure:9693: $? = 0
configure:9699: ./conftest
configure:9703: $? = 0
configure:9720: result: yes
configure:9735: checking for vprintf
configure:9791: g++ -o conftest -g -Wall -fno-strict-aliasing   conftest.cpp  >&5
configure:9798: $? = 0
configure:9820: result: yes
configure:9829: checking for _doprnt
configure:9885: g++ -o conftest -g -Wall -fno-strict-aliasing   conftest.cpp  >&5
/tmp/cc6IxAc0.o: In function `main':
/home/qmwx/project/prophet_vmips_final_keyming_131130/conftest.cpp:84: undefined reference to `_doprnt'
collect2: ld returned 1 exit status
configure:9892: $? = 1
configure: failed program was:
| /* confdefs.h.  */
| #define PACKAGE_NAME ""
| #define PACKAGE_TARNAME ""
| #define PACKAGE_VERSION ""
| #define PACKAGE_STRING ""
| #define PACKAGE_BUGREPORT ""
| #define PACKAGE "prophet_vmips"
| #define VERSION "1.3.2"
| #define STDC_HEADERS 1
| #define HAVE_SYS_TYPES_H 1
| #define HAVE_SYS_STAT_H 1
| #define HAVE_STDLIB_H 1
| #define HAVE_STRING_H 1
| #define HAVE_MEMORY_H 1
| #define HAVE_STRINGS_H 1
| #define HAVE_INTTYPES_H 1
| #define HAVE_STDINT_H 1
| #define HAVE_UNISTD_H 1
| #define __EXTENSIONS__ 1
| #define _ALL_SOURCE 1
| #define _GNU_SOURCE 1
| #define _POSIX_PTHREAD_SEMANTICS 1
| #define _TANDEM_SOURCE 1
| #define __EXTENSIONS__ 1
| #define _ALL_SOURCE 1
| #define _GNU_SOURCE 1
| #define _POSIX_PTHREAD_SEMANTICS 1
| #define _TANDEM_SOURCE 1
| #define INTENTIONAL_CONFUSION 1
| #define STDC_HEADERS 1
| #define HAVE_FCNTL_H 1
| #define HAVE_LIMITS_H 1
| #define HAVE_SYS_IOCTL_H 1
| #define HAVE_SYS_TIME_H 1
| #define HAVE_UNISTD_H 1
| #define TIME_WITH_SYS_TIME 1
| #define HAVE_ATTRIBUTE_NORETURN 1
| #define HAVE_ATTRIBUTE_FORMAT 1
| #define SIZEOF_LONG_LONG 8
| #define SIZEOF_LONG 4
| #define SIZEOF_INT 4
| #define SIZEOF_SHORT 2
| #define SIZEOF_CHAR 1
| #define HAVE_STDLIB_H 1
| #define HAVE_UNISTD_H 1
| #define HAVE_GETPAGESIZE 1
| #define HAVE_MMAP 1
| #define HAVE_VPRINTF 1
| /* end confdefs.h.  */
| /* Define _doprnt to an innocuous variant, in case <limits.h> declares _doprnt.
|    For example, HP-UX 11i <limits.h> declares gettimeofday.  */
| #define _doprnt innocuous__doprnt
| 
| /* System header to define __stub macros and hopefully few prototypes,
|     which can conflict with char _doprnt (); below.
|     Prefer <limits.h> to <assert.h> if __STDC__ is defined, since
|     <limits.h> exists even on freestanding compilers.  */
| 
| #ifdef __STDC__
| # include <limits.h>
| #else
| # include <assert.h>
| #endif
| 
| #undef _doprnt
| 
| /* Override any GCC internal prototype to avoid an error.
|    Use char because int might match the return type of a GCC
|    builtin and then its argument prototype would still apply.  */
| #ifdef __cplusplus
| extern "C"
| #endif
| char _doprnt ();
| /* The GNU C library defines this for functions which it implements
|     to always fail with ENOSYS.  Some functions are actually named
|     something starting with __ and the normal name is an alias.  */
| #if defined __stub__doprnt || defined __stub____doprnt
| choke me
| #endif
| 
| int
| main ()
| {
| return _doprnt ();
|   ;
|   return 0;
| }
configure:9912: result: no
configure:9934: checking for gettimeofday
configure:9990: g++ -o conftest -g -Wall -fno-strict-aliasing   conftest.cpp  >&5
configure:9997: $? = 0
configure:10019: result: yes
configure:9934: checking for strdup
configure:9990: g++ -o conftest -g -Wall -fno-strict-aliasing   conftest.cpp  >&5
configure:9997: $? = 0
configure:10019: result: yes
configure:9934: checking for strerror
configure:9990: g++ -o conftest -g -Wall -fno-strict-aliasing   conftest.cpp  >&5
configure:9997: $? = 0
configure:10019: result: yes
configure:9934: checking for random
configure:9990: g++ -o conftest -g -Wall -fno-strict-aliasing   conftest.cpp  >&5
configure:9997: $? = 0
configure:10019: result: yes
configure:9934: checking for select
configure:9990: g++ -o conftest -g -Wall -fno-strict-aliasing   conftest.cpp  >&5
configure:9997: $? = 0
configure:10019: result: yes
configure:10031: checking for library containing socket
configure:10072: g++ -o conftest -g -Wall -fno-strict-aliasing   conftest.cpp  >&5
configure:10079: $? = 0
configure:10110: result: none required
configure:10118: checking for library containing inet_ntoa
configure:10159: g++ -o conftest -g -Wall -fno-strict-aliasing   conftest.cpp  >&5
configure:10166: $? = 0
configure:10197: result: none required
configure:10205: checking for library containing XtAppInitialize
configure:10246: g++ -o conftest -g -Wall -fno-strict-aliasing   conftest.cpp  >&5
/tmp/ccrSXF6L.o: In function `main':
/home/qmwx/project/prophet_vmips_final_keyming_131130/conftest.cpp:66: undefined reference to `XtAppInitialize'
collect2: ld returned 1 exit status
configure:10253: $? = 1
configure: failed program was:
| /* confdefs.h.  */
| #define PACKAGE_NAME ""
| #define PACKAGE_TARNAME ""
| #define PACKAGE_VERSION ""
| #define PACKAGE_STRING ""
| #define PACKAGE_BUGREPORT ""
| #define PACKAGE "prophet_vmips"
| #define VERSION "1.3.2"
| #define STDC_HEADERS 1
| #define HAVE_SYS_TYPES_H 1
| #define HAVE_SYS_STAT_H 1
| #define HAVE_STDLIB_H 1
| #define HAVE_STRING_H 1
| #define HAVE_MEMORY_H 1
| #define HAVE_STRINGS_H 1
| #define HAVE_INTTYPES_H 1
| #define HAVE_STDINT_H 1
| #define HAVE_UNISTD_H 1
| #define __EXTENSIONS__ 1
| #define _ALL_SOURCE 1
| #define _GNU_SOURCE 1
| #define _POSIX_PTHREAD_SEMANTICS 1
| #define _TANDEM_SOURCE 1
| #define __EXTENSIONS__ 1
| #define _ALL_SOURCE 1
| #define _GNU_SOURCE 1
| #define _POSIX_PTHREAD_SEMANTICS 1
| #define _TANDEM_SOURCE 1
| #define INTENTIONAL_CONFUSION 1
| #define STDC_HEADERS 1
| #define HAVE_FCNTL_H 1
| #define HAVE_LIMITS_H 1
| #define HAVE_SYS_IOCTL_H 1
| #define HAVE_SYS_TIME_H 1
| #define HAVE_UNISTD_H 1
| #define TIME_WITH_SYS_TIME 1
| #define HAVE_ATTRIBUTE_NORETURN 1
| #define HAVE_ATTRIBUTE_FORMAT 1
| #define SIZEOF_LONG_LONG 8
| #define SIZEOF_LONG 4
| #define SIZEOF_INT 4
| #define SIZEOF_SHORT 2
| #define SIZEOF_CHAR 1
| #define HAVE_STDLIB_H 1
| #define HAVE_UNISTD_H 1
| #define HAVE_GETPAGESIZE 1
| #define HAVE_MMAP 1
| #define HAVE_VPRINTF 1
| #define HAVE_GETTIMEOFDAY 1
| #define HAVE_STRDUP 1
| #define HAVE_STRERROR 1
| #define HAVE_RANDOM 1
| #define HAVE_SELECT 1
| /* end confdefs.h.  */
| 
| /* Override any GCC internal prototype to avoid an error.
|    Use char because int might match the return type of a GCC
|    builtin and then its argument prototype would still apply.  */
| #ifdef __cplusplus
| extern "C"
| #endif
| char XtAppInitialize ();
| int
| main ()
| {
| return XtAppInitialize ();
|   ;
|   return 0;
| }
configure:10246: g++ -o conftest -g -Wall -fno-strict-aliasing   conftest.cpp -lXaw   >&5
configure:10253: $? = 0
configure:10284: result: -lXaw
configure:10450: creating ./config.status

## ---------------------- ##
## Running config.status. ##
## ---------------------- ##

This file was extended by config.status, which was
generated by GNU Autoconf 2.63.  Invocation command line was

  CONFIG_FILES    = 
  CONFIG_HEADERS  = 
  CONFIG_LINKS    = 
  CONFIG_COMMANDS = 
  $ ./config.status 

on qmwx-desktop

config.status:851: creating Makefile
config.status:851: creating vmips.spec
config.status:851: creating vmipsrc
config.status:851: creating doc/Makefile
config.status:1003: WARNING:  'doc/Makefile.in' seems to ignore the --datarootdir setting
config.status:851: creating libopcodes_mips/Makefile
config.status:851: creating sample_code/Makefile
config.status:1003: WARNING:  'sample_code/Makefile.in' seems to ignore the --datarootdir setting
config.status:851: creating sample_code/xmboot/Makefile
config.status:1003: WARNING:  'sample_code/xmboot/Makefile.in' seems to ignore the --datarootdir setting
config.status:851: creating test_code/Makefile
config.status:851: creating test_code/vmips.misc-tests/Makefile
config.status:851: creating test_code/vmips.outcheck/Makefile
config.status:851: creating test_code/vmips.regcheck/Makefile
config.status:851: creating config.h
config.status:1073: config.h is unchanged
config.status:1125: executing depfiles commands

## ---------------- ##
## Cache variables. ##
## ---------------- ##

ac_cv_build=i686-pc-linux-gnu
ac_cv_c_compiler_gnu=yes
ac_cv_c_const=yes
ac_cv_c_inline=inline
ac_cv_cxx_compiler_gnu=yes
ac_cv_env_CCASFLAGS_set=
ac_cv_env_CCASFLAGS_value=
ac_cv_env_CCAS_set=
ac_cv_env_CCAS_value=
ac_cv_env_CCC_set=
ac_cv_env_CCC_value=
ac_cv_env_CC_set=
ac_cv_env_CC_value=
ac_cv_env_CFLAGS_set=
ac_cv_env_CFLAGS_value=
ac_cv_env_CPPFLAGS_set=
ac_cv_env_CPPFLAGS_value=
ac_cv_env_CPP_set=
ac_cv_env_CPP_value=
ac_cv_env_CXXCPP_set=
ac_cv_env_CXXCPP_value=
ac_cv_env_CXXFLAGS_set=
ac_cv_env_CXXFLAGS_value=
ac_cv_env_CXX_set=
ac_cv_env_CXX_value=
ac_cv_env_LDFLAGS_set=
ac_cv_env_LDFLAGS_value=
ac_cv_env_LIBS_set=
ac_cv_env_LIBS_value=
ac_cv_env_build_alias_set=
ac_cv_env_build_alias_value=
ac_cv_env_host_alias_set=
ac_cv_env_host_alias_value=
ac_cv_env_target_alias_set=
ac_cv_env_target_alias_value=
ac_cv_func__doprnt=no
ac_cv_func_getpagesize=yes
ac_cv_func_gettimeofday=yes
ac_cv_func_mmap_fixed_mapped=yes
ac_cv_func_random=yes
ac_cv_func_select=yes
ac_cv_func_strdup=yes
ac_cv_func_strerror=yes
ac_cv_func_vprintf=yes
ac_cv_header_fcntl_h=yes
ac_cv_header_inttypes_h=yes
ac_cv_header_limits_h=yes
ac_cv_header_memory_h=yes
ac_cv_header_minix_config_h=no
ac_cv_header_stdc=yes
ac_cv_header_stdint_h=yes
ac_cv_header_stdlib_h=yes
ac_cv_header_string_h=yes
ac_cv_header_strings_h=yes
ac_cv_header_sys_ioctl_h=yes
ac_cv_header_sys_stat_h=yes
ac_cv_header_sys_time_h=yes
ac_cv_header_sys_types_h=yes
ac_cv_header_time=yes
ac_cv_header_unistd_h=yes
ac_cv_host=i686-pc-linux-gnu
ac_cv_objext=o
ac_cv_path_EGREP='/bin/grep -E'
ac_cv_path_GREP=/bin/grep
ac_cv_path_install='/usr/bin/install -c'
ac_cv_path_mkdir=/bin/mkdir
ac_cv_prog_AWK=gawk
ac_cv_prog_CPP='gcc -E'
ac_cv_prog_CXXCPP='g++ -E'
ac_cv_prog_ac_ct_CC=gcc
ac_cv_prog_ac_ct_CXX=g++
ac_cv_prog_ac_ct_RANLIB=ranlib
ac_cv_prog_cc_c89=
ac_cv_prog_cc_g=yes
ac_cv_prog_cxx_g=yes
ac_cv_prog_gcc_traditional=no
ac_cv_prog_make_make_set=yes
ac_cv_safe_to_define___extensions__=yes
ac_cv_search_XtAppInitialize=-lXaw
ac_cv_search_inet_ntoa='none required'
ac_cv_search_socket='none required'
ac_cv_search_strerror='none required'
ac_cv_sizeof_char=1
ac_cv_sizeof_int=4
ac_cv_sizeof_long=4
ac_cv_sizeof_long_long=8
ac_cv_sizeof_short=2
ac_cv_target=i686-pc-linux-gnu
ac_cv_type_off_t=yes
ac_cv_type_pid_t=yes
ac_cv_type_size_t=yes
am_cv_CCAS_dependencies_compiler_type=gcc3
am_cv_CC_dependencies_compiler_type=gcc3
am_cv_CXX_dependencies_compiler_type=gcc3
vmips_cv_cxx_attribute_format=yes
vmips_cv_cxx_attribute_noreturn=yes
vmips_cv_cxx_template_functions=yes
vmips_cv_type_socklen_t=yes

## ----------------- ##
## Output variables. ##
## ----------------- ##

ACLOCAL='${SHELL} /home/qmwx/project/prophet_vmips_final_keyming_131130/missing --run aclocal-1.10'
AMDEPBACKSLASH='\'
AMDEP_FALSE='#'
AMDEP_TRUE=''
AMTAR='${SHELL} /home/qmwx/project/prophet_vmips_final_keyming_131130/missing --run tar'
AS=''
ASFLAGS=''
AUTOCONF='${SHELL} /home/qmwx/project/prophet_vmips_final_keyming_131130/missing --run autoconf'
AUTOHEADER='${SHELL} /home/qmwx/project/prophet_vmips_final_keyming_131130/missing --run autoheader'
AUTOMAKE='${SHELL} /home/qmwx/project/prophet_vmips_final_keyming_131130/missing --run automake-1.10'
AWK='gawk'
BIGENDIAN='nobigendian'
CC='gcc'
CCAS='gcc'
CCASDEPMODE='depmode=gcc3'
CCASFLAGS='-g -O2 -Wall -fno-strict-aliasing'
CCDEPMODE='depmode=gcc3'
CFLAGS='-g -O2 -Wall -fno-strict-aliasing'
CPP='gcc -E'
CPPFLAGS=''
CXX='g++'
CXXCPP='g++ -E'
CXXDEPMODE='depmode=gcc3'
CXXFLAGS='-g -Wall -fno-strict-aliasing'
CYGPATH_W='echo'
DEFS='-DHAVE_CONFIG_H'
DEPDIR='.deps'
ECHO_C=''
ECHO_N='-n'
ECHO_T=''
EGREP='/bin/grep -E'
EXEEXT=''
GREP='/bin/grep'
INSTALL_DATA='${INSTALL} -m 644'
INSTALL_PROGRAM='${INSTALL}'
INSTALL_SCRIPT='${INSTALL}'
INSTALL_STRIP_PROGRAM='$(install_sh) -c -s'
LDFLAGS=''
LIBOBJS=''
LIBS='-lXaw '
LN_S='ln -s'
LTLIBOBJS=''
MAKEINFO='${SHELL} /home/qmwx/project/prophet_vmips_final_keyming_131130/missing --run makeinfo'
MIPSTOOLPREFIX='mipstoolprefix='\'''\'''
MKDIR_P='/bin/mkdir -p'
OBJEXT='o'
PACKAGE='prophet_vmips'
PACKAGE_BUGREPORT=''
PACKAGE_NAME=''
PACKAGE_STRING=''
PACKAGE_TARNAME=''
PACKAGE_VERSION=''
PATH_SEPARATOR=':'
RANLIB='ranlib'
SAMPLE_CODE_TARGETS=''
SET_MAKE=''
SHELL='/bin/bash'
STRIP=''
TESTCODE_DIR=''
VERSION='1.3.2'
ac_ct_CC='gcc'
ac_ct_CXX='g++'
am__fastdepCCAS_FALSE='#'
am__fastdepCCAS_TRUE=''
am__fastdepCC_FALSE='#'
am__fastdepCC_TRUE=''
am__fastdepCXX_FALSE='#'
am__fastdepCXX_TRUE=''
am__include='include'
am__isrc=''
am__leading_dot='.'
am__quote=''
am__tar='${AMTAR} chof - "$$tardir"'
am__untar='${AMTAR} xf -'
bindir='${exec_prefix}/bin'
build='i686-pc-linux-gnu'
build_alias=''
build_cpu='i686'
build_os='linux-gnu'
build_vendor='pc'
datadir='${datarootdir}'
datarootdir='${prefix}/share'
docdir='${datarootdir}/doc/${PACKAGE}'
dvidir='${docdir}'
exec_prefix='${prefix}'
host='i686-pc-linux-gnu'
host_alias=''
host_cpu='i686'
host_os='linux-gnu'
host_vendor='pc'
htmldir='${docdir}'
includedir='${prefix}/include'
infodir='${datarootdir}/info'
install_sh='$(SHELL) /home/qmwx/project/prophet_vmips_final_keyming_131130/install-sh'
libdir='${exec_prefix}/lib'
libexecdir='${exec_prefix}/libexec'
localedir='${datarootdir}/locale'
localstatedir='${prefix}/var'
mandir='${datarootdir}/man'
mipsbin='/opt/mips/bin'
mkdir_p='/bin/mkdir -p'
oldincludedir='/usr/include'
pdfdir='${docdir}'
prefix='/usr/local'
program_transform_name='s,x,x,'
psdir='${docdir}'
sbindir='${exec_prefix}/sbin'
sharedstatedir='NONE/com'
sysconfdir='${prefix}/etc'
target='i686-pc-linux-gnu'
target_alias=''
target_cpu='i686'
target_os='linux-gnu'
target_vendor='pc'

## ----------- ##
## confdefs.h. ##
## ----------- ##

#define PACKAGE_NAME ""
#define PACKAGE_TARNAME ""
#define PACKAGE_VERSION ""
#define PACKAGE_STRING ""
#define PACKAGE_BUGREPORT ""
#define PACKAGE "prophet_vmips"
#define VERSION "1.3.2"
#define STDC_HEADERS 1
#define HAVE_SYS_TYPES_H 1
#define HAVE_SYS_STAT_H 1
#define HAVE_STDLIB_H 1
#define HAVE_STRING_H 1
#define HAVE_MEMORY_H 1
#define HAVE_STRINGS_H 1
#define HAVE_INTTYPES_H 1
#define HAVE_STDINT_H 1
#define HAVE_UNISTD_H 1
#define __EXTENSIONS__ 1
#define _ALL_SOURCE 1
#define _GNU_SOURCE 1
#define _POSIX_PTHREAD_SEMANTICS 1
#define _TANDEM_SOURCE 1
#define __EXTENSIONS__ 1
#define _ALL_SOURCE 1
#define _GNU_SOURCE 1
#define _POSIX_PTHREAD_SEMANTICS 1
#define _TANDEM_SOURCE 1
#define INTENTIONAL_CONFUSION 1
#define STDC_HEADERS 1
#define HAVE_FCNTL_H 1
#define HAVE_LIMITS_H 1
#define HAVE_SYS_IOCTL_H 1
#define HAVE_SYS_TIME_H 1
#define HAVE_UNISTD_H 1
#define TIME_WITH_SYS_TIME 1
#define HAVE_ATTRIBUTE_NORETURN 1
#define HAVE_ATTRIBUTE_FORMAT 1
#define SIZEOF_LONG_LONG 8
#define SIZEOF_LONG 4
#define SIZEOF_INT 4
#define SIZEOF_SHORT 2
#define SIZEOF_CHAR 1
#define HAVE_STDLIB_H 1
#define HAVE_UNISTD_H 1
#define HAVE_GETPAGESIZE 1
#define HAVE_MMAP 1
#define HAVE_VPRINTF 1
#define HAVE_GETTIMEOFDAY 1
#define HAVE_STRDUP 1
#define HAVE_STRERROR 1
#define HAVE_RANDOM 1
#define HAVE_SELECT 1
#define ASFLAGS /**/
#define AS /**/
#define CCASFLAGS /**/
#define CCAS /**/

configure: exit 0

## ---------------------- ##
## Running config.status. ##
## ---------------------- ##

This file was extended by config.status, which was
generated by GNU Autoconf 2.63.  Invocation command line was

  CONFIG_FILES    = 
  CONFIG_HEADERS  = 
  CONFIG_LINKS    = 
  CONFIG_COMMANDS = 
  $ ./config.status Makefile depfiles

on qmwx-desktop

config.status:851: creating Makefile
config.status:1125: executing depfiles commands

## ---------------------- ##
## Running config.status. ##
## ---------------------- ##

This file was extended by config.status, which was
generated by GNU Autoconf 2.63.  Invocation command line was

  CONFIG_FILES    = 
  CONFIG_HEADERS  = 
  CONFIG_LINKS    = 
  CONFIG_COMMANDS = 
  $ ./config.status libopcodes_mips/Makefile depfiles

on qmwx-desktop

config.status:851: creating libopcodes_mips/Makefile
config.status:1125: executing depfiles commands

## ---------------------- ##
## Running config.status. ##
## ---------------------- ##

This file was extended by config.status, which was
generated by GNU Autoconf 2.63.  Invocation command line was

  CONFIG_FILES    = 
  CONFIG_HEADERS  = 
  CONFIG_LINKS    = 
  CONFIG_COMMANDS = 
  $ ./config.status Makefile depfiles

on qmwx-desktop

config.status:851: creating Makefile
config.status:1125: executing depfiles commands

## ---------------------- ##
## Running config.status. ##
## ---------------------- ##

This file was extended by config.status, which was
generated by GNU Autoconf 2.63.  Invocation command line was

  CONFIG_FILES    = 
  CONFIG_HEADERS  = 
  CONFIG_LINKS    = 
  CONFIG_COMMANDS = 
  $ ./config.status libopcodes_mips/Makefile depfiles

on qmwx-desktop

config.status:851: creating libopcodes_mips/Makefile
config.status:1125: executing depfiles commands

## ---------------------- ##
## Running config.status. ##
## ---------------------- ##

This file was extended by config.status, which was
generated by GNU Autoconf 2.63.  Invocation command line was

  CONFIG_FILES    = 
  CONFIG_HEADERS  = 
  CONFIG_LINKS    = 
  CONFIG_COMMANDS = 
  $ ./config.status Makefile depfiles

on qmwx-desktop

config.status:851: creating Makefile
config.status:1125: executing depfiles commands

## ---------------------- ##
## Running config.status. ##
## ---------------------- ##

This file was extended by config.status, which was
generated by GNU Autoconf 2.63.  Invocation command line was

  CONFIG_FILES    = 
  CONFIG_HEADERS  = 
  CONFIG_LINKS    = 
  CONFIG_COMMANDS = 
  $ ./config.status libopcodes_mips/Makefile depfiles

on qmwx-desktop

config.status:851: creating libopcodes_mips/Makefile
config.status:1125: executing depfiles commands

## ---------------------- ##
## Running config.status. ##
## ---------------------- ##

This file was extended by config.status, which was
generated by GNU Autoconf 2.63.  Invocation command line was

  CONFIG_FILES    = 
  CONFIG_HEADERS  = 
  CONFIG_LINKS    = 
  CONFIG_COMMANDS = 
  $ ./config.status Makefile depfiles

on qmwx-desktop

config.status:851: creating Makefile
config.status:1125: executing depfiles commands

## ---------------------- ##
## Running config.status. ##
## ---------------------- ##

This file was extended by config.status, which was
generated by GNU Autoconf 2.63.  Invocation command line was

  CONFIG_FILES    = 
  CONFIG_HEADERS  = 
  CONFIG_LINKS    = 
  CONFIG_COMMANDS = 
  $ ./config.status libopcodes_mips/Makefile depfiles

on qmwx-desktop

config.status:851: creating libopcodes_mips/Makefile
config.status:1125: executing depfiles commands
